Unhandled error for request PUT /api/Board/XP9BJgglJxQnbiyNXpaCBcxdIPa2: ValidationError: The `Board` instance is not valid. Details: `created` can't be blank (value: undefined); `hostUid` can't be blank (value: undefined); `date` can't be blank (value: undefined).
    at /home/knight0930/.nvm/versions/node/v8.16.2/lib/node_modules/composer-rest-server/node_modules/loopback-datasource-juggler/lib/dao.js:3082:33
    at Board.<anonymous> (/home/knight0930/.nvm/versions/node/v8.16.2/lib/node_modules/composer-rest-server/node_modules/loopback-datasource-juggler/lib/validations.js:578:11)
    at Board.next (/home/knight0930/.nvm/versions/node/v8.16.2/lib/node_modules/composer-rest-server/node_modules/loopback-datasource-juggler/lib/hooks.js:93:12)
    at Board.<anonymous> (/home/knight0930/.nvm/versions/node/v8.16.2/lib/node_modules/composer-rest-server/node_modules/loopback-datasource-juggler/lib/validations.js:575:23)
    at Board.trigger (/home/knight0930/.nvm/versions/node/v8.16.2/lib/node_modules/composer-rest-server/node_modules/loopback-datasource-juggler/lib/hooks.js:83:12)
    at Board.Validatable.isValid (/home/knight0930/.nvm/versions/node/v8.16.2/lib/node_modules/composer-rest-server/node_modules/loopback-datasource-juggler/lib/validations.js:541:8)
    at validateAndCallConnector (/home/knight0930/.nvm/versions/node/v8.16.2/lib/node_modules/composer-rest-server/node_modules/loopback-datasource-juggler/lib/dao.js:3081:14)
    at /home/knight0930/.nvm/versions/node/v8.16.2/lib/node_modules/composer-rest-server/node_modules/loopback-datasource-juggler/lib/dao.js:3062:7
    at doNotify (/home/knight0930/.nvm/versions/node/v8.16.2/lib/node_modules/composer-rest-server/node_modules/loopback-datasource-juggler/lib/observer.js:155:49)
    at doNotify (/home/knight0930/.nvm/versions/node/v8.16.2/lib/node_modules/composer-rest-server/node_modules/loopback-datasource-juggler/lib/observer.js:155:49)
    at doNotify (/home/knight0930/.nvm/versions/node/v8.16.2/lib/node_modules/composer-rest-server/node_modules/loopback-datasource-juggler/lib/observer.js:155:49)
    at doNotify (/home/knight0930/.nvm/versions/node/v8.16.2/lib/node_modules/composer-rest-server/node_modules/loopback-datasource-juggler/lib/observer.js:155:49)
    at Function.ObserverMixin._notifyBaseObservers (/home/knight0930/.nvm/versions/node/v8.16.2/lib/node_modules/composer-rest-server/node_modules/loopback-datasource-juggler/lib/observer.js:178:5)
    at Function.ObserverMixin.notifyObserversOf (/home/knight0930/.nvm/versions/node/v8.16.2/lib/node_modules/composer-rest-server/node_modules/loopback-datasource-juggler/lib/observer.js:153:8)
    at Function.ObserverMixin._notifyBaseObservers (/home/knight0930/.nvm/versions/node/v8.16.2/lib/node_modules/composer-rest-server/node_modules/loopback-datasource-juggler/lib/observer.js:176:15)
    at Function.ObserverMixin.notifyObserversOf (/home/knight0930/.nvm/versions/node/v8.16.2/lib/node_modules/composer-rest-server/node_modules/loopback-datasource-juggler/lib/observer.js:153:8)
Unhandled error for request PUT /api/Board/XP9BJgglJxQnbiyNXpaCBcxdIPa2: Error: id property (boardId) cannot be updated from XP9BJgglJxQnbiyNXpaCBcxdIPa2 to string
    at Function.DataAccessObject.replaceById (/home/knight0930/.nvm/versions/node/v8.16.2/lib/node_modules/composer-rest-server/node_modules/loopback-datasource-juggler/lib/dao.js:3033:11)
    at SharedMethod.invoke (/home/knight0930/.nvm/versions/node/v8.16.2/lib/node_modules/composer-rest-server/node_modules/strong-remoting/lib/shared-method.js:270:27)
    at HttpContext.invoke (/home/knight0930/.nvm/versions/node/v8.16.2/lib/node_modules/composer-rest-server/node_modules/strong-remoting/lib/http-context.js:297:12)
    at phaseInvoke (/home/knight0930/.nvm/versions/node/v8.16.2/lib/node_modules/composer-rest-server/node_modules/strong-remoting/lib/remote-objects.js:695:9)
    at runHandler (/home/knight0930/.nvm/versions/node/v8.16.2/lib/node_modules/composer-rest-server/node_modules/strong-remoting/node_modules/loopback-phase/lib/phase.js:135:5)
    at /home/knight0930/.nvm/versions/node/v8.16.2/lib/node_modules/composer-rest-server/node_modules/strong-remoting/node_modules/loopback-phase/node_modules/async/dist/async.js:3110:16
    at replenish (/home/knight0930/.nvm/versions/node/v8.16.2/lib/node_modules/composer-rest-server/node_modules/strong-remoting/node_modules/loopback-phase/node_modules/async/dist/async.js:1011:17)
    at /home/knight0930/.nvm/versions/node/v8.16.2/lib/node_modules/composer-rest-server/node_modules/strong-remoting/node_modules/loopback-phase/node_modules/async/dist/async.js:1016:9
    at eachLimit$1 (/home/knight0930/.nvm/versions/node/v8.16.2/lib/node_modules/composer-rest-server/node_modules/strong-remoting/node_modules/loopback-phase/node_modules/async/dist/async.js:3196:24)
    at Object.<anonymous> (/home/knight0930/.nvm/versions/node/v8.16.2/lib/node_modules/composer-rest-server/node_modules/strong-remoting/node_modules/loopback-phase/node_modules/async/dist/async.js:1046:16)
    at runHandlers (/home/knight0930/.nvm/versions/node/v8.16.2/lib/node_modules/composer-rest-server/node_modules/strong-remoting/node_modules/loopback-phase/lib/phase.js:144:13)
    at /home/knight0930/.nvm/versions/node/v8.16.2/lib/node_modules/composer-rest-server/node_modules/strong-remoting/node_modules/loopback-phase/node_modules/async/dist/async.js:3110:16
    at replenish (/home/knight0930/.nvm/versions/node/v8.16.2/lib/node_modules/composer-rest-server/node_modules/strong-remoting/node_modules/loopback-phase/node_modules/async/dist/async.js:1011:17)
    at /home/knight0930/.nvm/versions/node/v8.16.2/lib/node_modules/composer-rest-server/node_modules/strong-remoting/node_modules/loopback-phase/node_modules/async/dist/async.js:1016:9
    at eachLimit$1 (/home/knight0930/.nvm/versions/node/v8.16.2/lib/node_modules/composer-rest-server/node_modules/strong-remoting/node_modules/loopback-phase/node_modules/async/dist/async.js:3196:24)
    at Object.<anonymous> (/home/knight0930/.nvm/versions/node/v8.16.2/lib/node_modules/composer-rest-server/node_modules/strong-remoting/node_modules/loopback-phase/node_modules/async/dist/async.js:1046:16)
Unhandled error for request PUT /api/Board: Error: Shared class "Board" has no method handling PUT /
    at restRemoteMethodNotFound (/home/knight0930/.nvm/versions/node/v8.16.2/lib/node_modules/composer-rest-server/node_modules/strong-remoting/lib/rest-adapter.js:416:19)
    at Layer.handle [as handle_request] (/home/knight0930/.nvm/versions/node/v8.16.2/lib/node_modules/composer-rest-server/node_modules/express/lib/router/layer.js:95:5)
    at trim_prefix (/home/knight0930/.nvm/versions/node/v8.16.2/lib/node_modules/composer-rest-server/node_modules/express/lib/router/index.js:317:13)
    at /home/knight0930/.nvm/versions/node/v8.16.2/lib/node_modules/composer-rest-server/node_modules/express/lib/router/index.js:284:7
    at Function.process_params (/home/knight0930/.nvm/versions/node/v8.16.2/lib/node_modules/composer-rest-server/node_modules/express/lib/router/index.js:335:12)
    at next (/home/knight0930/.nvm/versions/node/v8.16.2/lib/node_modules/composer-rest-server/node_modules/express/lib/router/index.js:275:10)
    at Function.handle (/home/knight0930/.nvm/versions/node/v8.16.2/lib/node_modules/composer-rest-server/node_modules/express/lib/router/index.js:174:3)
    at router (/home/knight0930/.nvm/versions/node/v8.16.2/lib/node_modules/composer-rest-server/node_modules/express/lib/router/index.js:47:12)
    at Layer.handle [as handle_request] (/home/knight0930/.nvm/versions/node/v8.16.2/lib/node_modules/composer-rest-server/node_modules/express/lib/router/layer.js:95:5)
    at trim_prefix (/home/knight0930/.nvm/versions/node/v8.16.2/lib/node_modules/composer-rest-server/node_modules/express/lib/router/index.js:317:13)
    at /home/knight0930/.nvm/versions/node/v8.16.2/lib/node_modules/composer-rest-server/node_modules/express/lib/router/index.js:284:7
    at Function.process_params (/home/knight0930/.nvm/versions/node/v8.16.2/lib/node_modules/composer-rest-server/node_modules/express/lib/router/index.js:335:12)
    at next (/home/knight0930/.nvm/versions/node/v8.16.2/lib/node_modules/composer-rest-server/node_modules/express/lib/router/index.js:275:10)
    at jsonParser (/home/knight0930/.nvm/versions/node/v8.16.2/lib/node_modules/composer-rest-server/node_modules/body-parser/lib/types/json.js:94:7)
    at Layer.handle [as handle_request] (/home/knight0930/.nvm/versions/node/v8.16.2/lib/node_modules/composer-rest-server/node_modules/express/lib/router/layer.js:95:5)
    at trim_prefix (/home/knight0930/.nvm/versions/node/v8.16.2/lib/node_modules/composer-rest-server/node_modules/express/lib/router/index.js:317:13)
Unhandled error for request POST /api/Board: ValidationError: The `Board` instance is not valid. Details: `boardId` can't be blank (value: undefined).
    at /home/knight0930/.nvm/versions/node/v8.16.2/lib/node_modules/composer-rest-server/node_modules/loopback-datasource-juggler/lib/dao.js:400:12
    at Board.<anonymous> (/home/knight0930/.nvm/versions/node/v8.16.2/lib/node_modules/composer-rest-server/node_modules/loopback-datasource-juggler/lib/validations.js:578:11)
    at Board.next (/home/knight0930/.nvm/versions/node/v8.16.2/lib/node_modules/composer-rest-server/node_modules/loopback-datasource-juggler/lib/hooks.js:93:12)
    at Board.<anonymous> (/home/knight0930/.nvm/versions/node/v8.16.2/lib/node_modules/composer-rest-server/node_modules/loopback-datasource-juggler/lib/validations.js:575:23)
    at Board.trigger (/home/knight0930/.nvm/versions/node/v8.16.2/lib/node_modules/composer-rest-server/node_modules/loopback-datasource-juggler/lib/hooks.js:83:12)
    at Board.Validatable.isValid (/home/knight0930/.nvm/versions/node/v8.16.2/lib/node_modules/composer-rest-server/node_modules/loopback-datasource-juggler/lib/validations.js:541:8)
    at /home/knight0930/.nvm/versions/node/v8.16.2/lib/node_modules/composer-rest-server/node_modules/loopback-datasource-juggler/lib/dao.js:396:9
    at doNotify (/home/knight0930/.nvm/versions/node/v8.16.2/lib/node_modules/composer-rest-server/node_modules/loopback-datasource-juggler/lib/observer.js:155:49)
    at doNotify (/home/knight0930/.nvm/versions/node/v8.16.2/lib/node_modules/composer-rest-server/node_modules/loopback-datasource-juggler/lib/observer.js:155:49)
    at doNotify (/home/knight0930/.nvm/versions/node/v8.16.2/lib/node_modules/composer-rest-server/node_modules/loopback-datasource-juggler/lib/observer.js:155:49)
    at doNotify (/home/knight0930/.nvm/versions/node/v8.16.2/lib/node_modules/composer-rest-server/node_modules/loopback-datasource-juggler/lib/observer.js:155:49)
    at Function.ObserverMixin._notifyBaseObservers (/home/knight0930/.nvm/versions/node/v8.16.2/lib/node_modules/composer-rest-server/node_modules/loopback-datasource-juggler/lib/observer.js:178:5)
    at Function.ObserverMixin.notifyObserversOf (/home/knight0930/.nvm/versions/node/v8.16.2/lib/node_modules/composer-rest-server/node_modules/loopback-datasource-juggler/lib/observer.js:153:8)
    at Function.ObserverMixin._notifyBaseObservers (/home/knight0930/.nvm/versions/node/v8.16.2/lib/node_modules/composer-rest-server/node_modules/loopback-datasource-juggler/lib/observer.js:176:15)
    at Function.ObserverMixin.notifyObserversOf (/home/knight0930/.nvm/versions/node/v8.16.2/lib/node_modules/composer-rest-server/node_modules/loopback-datasource-juggler/lib/observer.js:153:8)
    at Function.ObserverMixin._notifyBaseObservers (/home/knight0930/.nvm/versions/node/v8.16.2/lib/node_modules/composer-rest-server/node_modules/loopback-datasource-juggler/lib/observer.js:176:15)
Unhandled error for request POST /api/Board: ValidationError: The `Board` instance is not valid. Details: `boardId` can't be blank (value: undefined).
    at /home/knight0930/.nvm/versions/node/v8.16.2/lib/node_modules/composer-rest-server/node_modules/loopback-datasource-juggler/lib/dao.js:400:12
    at Board.<anonymous> (/home/knight0930/.nvm/versions/node/v8.16.2/lib/node_modules/composer-rest-server/node_modules/loopback-datasource-juggler/lib/validations.js:578:11)
    at Board.next (/home/knight0930/.nvm/versions/node/v8.16.2/lib/node_modules/composer-rest-server/node_modules/loopback-datasource-juggler/lib/hooks.js:93:12)
    at Board.<anonymous> (/home/knight0930/.nvm/versions/node/v8.16.2/lib/node_modules/composer-rest-server/node_modules/loopback-datasource-juggler/lib/validations.js:575:23)
    at Board.trigger (/home/knight0930/.nvm/versions/node/v8.16.2/lib/node_modules/composer-rest-server/node_modules/loopback-datasource-juggler/lib/hooks.js:83:12)
    at Board.Validatable.isValid (/home/knight0930/.nvm/versions/node/v8.16.2/lib/node_modules/composer-rest-server/node_modules/loopback-datasource-juggler/lib/validations.js:541:8)
    at /home/knight0930/.nvm/versions/node/v8.16.2/lib/node_modules/composer-rest-server/node_modules/loopback-datasource-juggler/lib/dao.js:396:9
    at doNotify (/home/knight0930/.nvm/versions/node/v8.16.2/lib/node_modules/composer-rest-server/node_modules/loopback-datasource-juggler/lib/observer.js:155:49)
    at doNotify (/home/knight0930/.nvm/versions/node/v8.16.2/lib/node_modules/composer-rest-server/node_modules/loopback-datasource-juggler/lib/observer.js:155:49)
    at doNotify (/home/knight0930/.nvm/versions/node/v8.16.2/lib/node_modules/composer-rest-server/node_modules/loopback-datasource-juggler/lib/observer.js:155:49)
    at doNotify (/home/knight0930/.nvm/versions/node/v8.16.2/lib/node_modules/composer-rest-server/node_modules/loopback-datasource-juggler/lib/observer.js:155:49)
    at Function.ObserverMixin._notifyBaseObservers (/home/knight0930/.nvm/versions/node/v8.16.2/lib/node_modules/composer-rest-server/node_modules/loopback-datasource-juggler/lib/observer.js:178:5)
    at Function.ObserverMixin.notifyObserversOf (/home/knight0930/.nvm/versions/node/v8.16.2/lib/node_modules/composer-rest-server/node_modules/loopback-datasource-juggler/lib/observer.js:153:8)
    at Function.ObserverMixin._notifyBaseObservers (/home/knight0930/.nvm/versions/node/v8.16.2/lib/node_modules/composer-rest-server/node_modules/loopback-datasource-juggler/lib/observer.js:176:15)
    at Function.ObserverMixin.notifyObserversOf (/home/knight0930/.nvm/versions/node/v8.16.2/lib/node_modules/composer-rest-server/node_modules/loopback-datasource-juggler/lib/observer.js:153:8)
    at Function.ObserverMixin._notifyBaseObservers (/home/knight0930/.nvm/versions/node/v8.16.2/lib/node_modules/composer-rest-server/node_modules/loopback-datasource-juggler/lib/observer.js:176:15)
Unhandled error for request POST /api/Board: ValidationError: The `Board` instance is not valid. Details: `boardId` can't be blank (value: undefined).
    at /home/knight0930/.nvm/versions/node/v8.16.2/lib/node_modules/composer-rest-server/node_modules/loopback-datasource-juggler/lib/dao.js:400:12
    at Board.<anonymous> (/home/knight0930/.nvm/versions/node/v8.16.2/lib/node_modules/composer-rest-server/node_modules/loopback-datasource-juggler/lib/validations.js:578:11)
    at Board.next (/home/knight0930/.nvm/versions/node/v8.16.2/lib/node_modules/composer-rest-server/node_modules/loopback-datasource-juggler/lib/hooks.js:93:12)
    at Board.<anonymous> (/home/knight0930/.nvm/versions/node/v8.16.2/lib/node_modules/composer-rest-server/node_modules/loopback-datasource-juggler/lib/validations.js:575:23)
    at Board.trigger (/home/knight0930/.nvm/versions/node/v8.16.2/lib/node_modules/composer-rest-server/node_modules/loopback-datasource-juggler/lib/hooks.js:83:12)
    at Board.Validatable.isValid (/home/knight0930/.nvm/versions/node/v8.16.2/lib/node_modules/composer-rest-server/node_modules/loopback-datasource-juggler/lib/validations.js:541:8)
    at /home/knight0930/.nvm/versions/node/v8.16.2/lib/node_modules/composer-rest-server/node_modules/loopback-datasource-juggler/lib/dao.js:396:9
    at doNotify (/home/knight0930/.nvm/versions/node/v8.16.2/lib/node_modules/composer-rest-server/node_modules/loopback-datasource-juggler/lib/observer.js:155:49)
    at doNotify (/home/knight0930/.nvm/versions/node/v8.16.2/lib/node_modules/composer-rest-server/node_modules/loopback-datasource-juggler/lib/observer.js:155:49)
    at doNotify (/home/knight0930/.nvm/versions/node/v8.16.2/lib/node_modules/composer-rest-server/node_modules/loopback-datasource-juggler/lib/observer.js:155:49)
    at doNotify (/home/knight0930/.nvm/versions/node/v8.16.2/lib/node_modules/composer-rest-server/node_modules/loopback-datasource-juggler/lib/observer.js:155:49)
    at Function.ObserverMixin._notifyBaseObservers (/home/knight0930/.nvm/versions/node/v8.16.2/lib/node_modules/composer-rest-server/node_modules/loopback-datasource-juggler/lib/observer.js:178:5)
    at Function.ObserverMixin.notifyObserversOf (/home/knight0930/.nvm/versions/node/v8.16.2/lib/node_modules/composer-rest-server/node_modules/loopback-datasource-juggler/lib/observer.js:153:8)
    at Function.ObserverMixin._notifyBaseObservers (/home/knight0930/.nvm/versions/node/v8.16.2/lib/node_modules/composer-rest-server/node_modules/loopback-datasource-juggler/lib/observer.js:176:15)
    at Function.ObserverMixin.notifyObserversOf (/home/knight0930/.nvm/versions/node/v8.16.2/lib/node_modules/composer-rest-server/node_modules/loopback-datasource-juggler/lib/observer.js:153:8)
    at Function.ObserverMixin._notifyBaseObservers (/home/knight0930/.nvm/versions/node/v8.16.2/lib/node_modules/composer-rest-server/node_modules/loopback-datasource-juggler/lib/observer.js:176:15)
Unhandled error for request POST /api/Board: ValidationError: The `Board` instance is not valid. Details: `boardId` can't be blank (value: undefined).
    at /home/knight0930/.nvm/versions/node/v8.16.2/lib/node_modules/composer-rest-server/node_modules/loopback-datasource-juggler/lib/dao.js:400:12
    at Board.<anonymous> (/home/knight0930/.nvm/versions/node/v8.16.2/lib/node_modules/composer-rest-server/node_modules/loopback-datasource-juggler/lib/validations.js:578:11)
    at Board.next (/home/knight0930/.nvm/versions/node/v8.16.2/lib/node_modules/composer-rest-server/node_modules/loopback-datasource-juggler/lib/hooks.js:93:12)
    at Board.<anonymous> (/home/knight0930/.nvm/versions/node/v8.16.2/lib/node_modules/composer-rest-server/node_modules/loopback-datasource-juggler/lib/validations.js:575:23)
    at Board.trigger (/home/knight0930/.nvm/versions/node/v8.16.2/lib/node_modules/composer-rest-server/node_modules/loopback-datasource-juggler/lib/hooks.js:83:12)
    at Board.Validatable.isValid (/home/knight0930/.nvm/versions/node/v8.16.2/lib/node_modules/composer-rest-server/node_modules/loopback-datasource-juggler/lib/validations.js:541:8)
    at /home/knight0930/.nvm/versions/node/v8.16.2/lib/node_modules/composer-rest-server/node_modules/loopback-datasource-juggler/lib/dao.js:396:9
    at doNotify (/home/knight0930/.nvm/versions/node/v8.16.2/lib/node_modules/composer-rest-server/node_modules/loopback-datasource-juggler/lib/observer.js:155:49)
    at doNotify (/home/knight0930/.nvm/versions/node/v8.16.2/lib/node_modules/composer-rest-server/node_modules/loopback-datasource-juggler/lib/observer.js:155:49)
    at doNotify (/home/knight0930/.nvm/versions/node/v8.16.2/lib/node_modules/composer-rest-server/node_modules/loopback-datasource-juggler/lib/observer.js:155:49)
    at doNotify (/home/knight0930/.nvm/versions/node/v8.16.2/lib/node_modules/composer-rest-server/node_modules/loopback-datasource-juggler/lib/observer.js:155:49)
    at Function.ObserverMixin._notifyBaseObservers (/home/knight0930/.nvm/versions/node/v8.16.2/lib/node_modules/composer-rest-server/node_modules/loopback-datasource-juggler/lib/observer.js:178:5)
    at Function.ObserverMixin.notifyObserversOf (/home/knight0930/.nvm/versions/node/v8.16.2/lib/node_modules/composer-rest-server/node_modules/loopback-datasource-juggler/lib/observer.js:153:8)
    at Function.ObserverMixin._notifyBaseObservers (/home/knight0930/.nvm/versions/node/v8.16.2/lib/node_modules/composer-rest-server/node_modules/loopback-datasource-juggler/lib/observer.js:176:15)
    at Function.ObserverMixin.notifyObserversOf (/home/knight0930/.nvm/versions/node/v8.16.2/lib/node_modules/composer-rest-server/node_modules/loopback-datasource-juggler/lib/observer.js:153:8)
    at Function.ObserverMixin._notifyBaseObservers (/home/knight0930/.nvm/versions/node/v8.16.2/lib/node_modules/composer-rest-server/node_modules/loopback-datasource-juggler/lib/observer.js:176:15)
Unhandled error for request POST /api/Board: ValidationError: The `Board` instance is not valid. Details: `boardId` can't be blank (value: undefined).
    at /home/knight0930/.nvm/versions/node/v8.16.2/lib/node_modules/composer-rest-server/node_modules/loopback-datasource-juggler/lib/dao.js:400:12
    at Board.<anonymous> (/home/knight0930/.nvm/versions/node/v8.16.2/lib/node_modules/composer-rest-server/node_modules/loopback-datasource-juggler/lib/validations.js:578:11)
    at Board.next (/home/knight0930/.nvm/versions/node/v8.16.2/lib/node_modules/composer-rest-server/node_modules/loopback-datasource-juggler/lib/hooks.js:93:12)
    at Board.<anonymous> (/home/knight0930/.nvm/versions/node/v8.16.2/lib/node_modules/composer-rest-server/node_modules/loopback-datasource-juggler/lib/validations.js:575:23)
    at Board.trigger (/home/knight0930/.nvm/versions/node/v8.16.2/lib/node_modules/composer-rest-server/node_modules/loopback-datasource-juggler/lib/hooks.js:83:12)
    at Board.Validatable.isValid (/home/knight0930/.nvm/versions/node/v8.16.2/lib/node_modules/composer-rest-server/node_modules/loopback-datasource-juggler/lib/validations.js:541:8)
    at /home/knight0930/.nvm/versions/node/v8.16.2/lib/node_modules/composer-rest-server/node_modules/loopback-datasource-juggler/lib/dao.js:396:9
    at doNotify (/home/knight0930/.nvm/versions/node/v8.16.2/lib/node_modules/composer-rest-server/node_modules/loopback-datasource-juggler/lib/observer.js:155:49)
    at doNotify (/home/knight0930/.nvm/versions/node/v8.16.2/lib/node_modules/composer-rest-server/node_modules/loopback-datasource-juggler/lib/observer.js:155:49)
    at doNotify (/home/knight0930/.nvm/versions/node/v8.16.2/lib/node_modules/composer-rest-server/node_modules/loopback-datasource-juggler/lib/observer.js:155:49)
    at doNotify (/home/knight0930/.nvm/versions/node/v8.16.2/lib/node_modules/composer-rest-server/node_modules/loopback-datasource-juggler/lib/observer.js:155:49)
    at Function.ObserverMixin._notifyBaseObservers (/home/knight0930/.nvm/versions/node/v8.16.2/lib/node_modules/composer-rest-server/node_modules/loopback-datasource-juggler/lib/observer.js:178:5)
    at Function.ObserverMixin.notifyObserversOf (/home/knight0930/.nvm/versions/node/v8.16.2/lib/node_modules/composer-rest-server/node_modules/loopback-datasource-juggler/lib/observer.js:153:8)
    at Function.ObserverMixin._notifyBaseObservers (/home/knight0930/.nvm/versions/node/v8.16.2/lib/node_modules/composer-rest-server/node_modules/loopback-datasource-juggler/lib/observer.js:176:15)
    at Function.ObserverMixin.notifyObserversOf (/home/knight0930/.nvm/versions/node/v8.16.2/lib/node_modules/composer-rest-server/node_modules/loopback-datasource-juggler/lib/observer.js:153:8)
    at Function.ObserverMixin._notifyBaseObservers (/home/knight0930/.nvm/versions/node/v8.16.2/lib/node_modules/composer-rest-server/node_modules/loopback-datasource-juggler/lib/observer.js:176:15)
Unhandled error for request POST /api/Board: ValidationError: The `Board` instance is not valid. Details: `boardId` can't be blank (value: undefined).
    at /home/knight0930/.nvm/versions/node/v8.16.2/lib/node_modules/composer-rest-server/node_modules/loopback-datasource-juggler/lib/dao.js:400:12
    at Board.<anonymous> (/home/knight0930/.nvm/versions/node/v8.16.2/lib/node_modules/composer-rest-server/node_modules/loopback-datasource-juggler/lib/validations.js:578:11)
    at Board.next (/home/knight0930/.nvm/versions/node/v8.16.2/lib/node_modules/composer-rest-server/node_modules/loopback-datasource-juggler/lib/hooks.js:93:12)
    at Board.<anonymous> (/home/knight0930/.nvm/versions/node/v8.16.2/lib/node_modules/composer-rest-server/node_modules/loopback-datasource-juggler/lib/validations.js:575:23)
    at Board.trigger (/home/knight0930/.nvm/versions/node/v8.16.2/lib/node_modules/composer-rest-server/node_modules/loopback-datasource-juggler/lib/hooks.js:83:12)
    at Board.Validatable.isValid (/home/knight0930/.nvm/versions/node/v8.16.2/lib/node_modules/composer-rest-server/node_modules/loopback-datasource-juggler/lib/validations.js:541:8)
    at /home/knight0930/.nvm/versions/node/v8.16.2/lib/node_modules/composer-rest-server/node_modules/loopback-datasource-juggler/lib/dao.js:396:9
    at doNotify (/home/knight0930/.nvm/versions/node/v8.16.2/lib/node_modules/composer-rest-server/node_modules/loopback-datasource-juggler/lib/observer.js:155:49)
    at doNotify (/home/knight0930/.nvm/versions/node/v8.16.2/lib/node_modules/composer-rest-server/node_modules/loopback-datasource-juggler/lib/observer.js:155:49)
    at doNotify (/home/knight0930/.nvm/versions/node/v8.16.2/lib/node_modules/composer-rest-server/node_modules/loopback-datasource-juggler/lib/observer.js:155:49)
    at doNotify (/home/knight0930/.nvm/versions/node/v8.16.2/lib/node_modules/composer-rest-server/node_modules/loopback-datasource-juggler/lib/observer.js:155:49)
    at Function.ObserverMixin._notifyBaseObservers (/home/knight0930/.nvm/versions/node/v8.16.2/lib/node_modules/composer-rest-server/node_modules/loopback-datasource-juggler/lib/observer.js:178:5)
    at Function.ObserverMixin.notifyObserversOf (/home/knight0930/.nvm/versions/node/v8.16.2/lib/node_modules/composer-rest-server/node_modules/loopback-datasource-juggler/lib/observer.js:153:8)
    at Function.ObserverMixin._notifyBaseObservers (/home/knight0930/.nvm/versions/node/v8.16.2/lib/node_modules/composer-rest-server/node_modules/loopback-datasource-juggler/lib/observer.js:176:15)
    at Function.ObserverMixin.notifyObserversOf (/home/knight0930/.nvm/versions/node/v8.16.2/lib/node_modules/composer-rest-server/node_modules/loopback-datasource-juggler/lib/observer.js:153:8)
    at Function.ObserverMixin._notifyBaseObservers (/home/knight0930/.nvm/versions/node/v8.16.2/lib/node_modules/composer-rest-server/node_modules/loopback-datasource-juggler/lib/observer.js:176:15)
Unhandled error for request POST /api/Board: Error: Error trying invoke business network with transaction id 99ab489414618b2f920716fa97a7ba23c05aedd5f46a8e794d922321254d4c30. Error: No valid responses from any peers.
Response from attempted peer comms was an error: Error: transaction returned with failure: Error: Failed to add object with ID '[object Object]' in collection with ID 'Asset:com.betweak.carauction.Board' as the object already exists
    at HLFConnection.invokeChainCode (/home/knight0930/.nvm/versions/node/v8.16.2/lib/node_modules/composer-rest-server/node_modules/composer-connector-hlfv1/lib/hlfconnection.js:1117:30)
    at <anonymous>
Unhandled error for request POST /api/Board: ValidationError: The `Board` instance is not valid. Details: `boardId` can't be blank (value: undefined).
    at /home/knight0930/.nvm/versions/node/v8.16.2/lib/node_modules/composer-rest-server/node_modules/loopback-datasource-juggler/lib/dao.js:400:12
    at Board.<anonymous> (/home/knight0930/.nvm/versions/node/v8.16.2/lib/node_modules/composer-rest-server/node_modules/loopback-datasource-juggler/lib/validations.js:578:11)
    at Board.next (/home/knight0930/.nvm/versions/node/v8.16.2/lib/node_modules/composer-rest-server/node_modules/loopback-datasource-juggler/lib/hooks.js:93:12)
    at Board.<anonymous> (/home/knight0930/.nvm/versions/node/v8.16.2/lib/node_modules/composer-rest-server/node_modules/loopback-datasource-juggler/lib/validations.js:575:23)
    at Board.trigger (/home/knight0930/.nvm/versions/node/v8.16.2/lib/node_modules/composer-rest-server/node_modules/loopback-datasource-juggler/lib/hooks.js:83:12)
    at Board.Validatable.isValid (/home/knight0930/.nvm/versions/node/v8.16.2/lib/node_modules/composer-rest-server/node_modules/loopback-datasource-juggler/lib/validations.js:541:8)
    at /home/knight0930/.nvm/versions/node/v8.16.2/lib/node_modules/composer-rest-server/node_modules/loopback-datasource-juggler/lib/dao.js:396:9
    at doNotify (/home/knight0930/.nvm/versions/node/v8.16.2/lib/node_modules/composer-rest-server/node_modules/loopback-datasource-juggler/lib/observer.js:155:49)
    at doNotify (/home/knight0930/.nvm/versions/node/v8.16.2/lib/node_modules/composer-rest-server/node_modules/loopback-datasource-juggler/lib/observer.js:155:49)
    at doNotify (/home/knight0930/.nvm/versions/node/v8.16.2/lib/node_modules/composer-rest-server/node_modules/loopback-datasource-juggler/lib/observer.js:155:49)
    at doNotify (/home/knight0930/.nvm/versions/node/v8.16.2/lib/node_modules/composer-rest-server/node_modules/loopback-datasource-juggler/lib/observer.js:155:49)
    at Function.ObserverMixin._notifyBaseObservers (/home/knight0930/.nvm/versions/node/v8.16.2/lib/node_modules/composer-rest-server/node_modules/loopback-datasource-juggler/lib/observer.js:178:5)
    at Function.ObserverMixin.notifyObserversOf (/home/knight0930/.nvm/versions/node/v8.16.2/lib/node_modules/composer-rest-server/node_modules/loopback-datasource-juggler/lib/observer.js:153:8)
    at Function.ObserverMixin._notifyBaseObservers (/home/knight0930/.nvm/versions/node/v8.16.2/lib/node_modules/composer-rest-server/node_modules/loopback-datasource-juggler/lib/observer.js:176:15)
    at Function.ObserverMixin.notifyObserversOf (/home/knight0930/.nvm/versions/node/v8.16.2/lib/node_modules/composer-rest-server/node_modules/loopback-datasource-juggler/lib/observer.js:153:8)
    at Function.ObserverMixin._notifyBaseObservers (/home/knight0930/.nvm/versions/node/v8.16.2/lib/node_modules/composer-rest-server/node_modules/loopback-datasource-juggler/lib/observer.js:176:15)
Unhandled error for request POST /api/Board: ValidationError: The `Board` instance is not valid. Details: `boardId` can't be blank (value: undefined).
    at /home/knight0930/.nvm/versions/node/v8.16.2/lib/node_modules/composer-rest-server/node_modules/loopback-datasource-juggler/lib/dao.js:400:12
    at Board.<anonymous> (/home/knight0930/.nvm/versions/node/v8.16.2/lib/node_modules/composer-rest-server/node_modules/loopback-datasource-juggler/lib/validations.js:578:11)
    at Board.next (/home/knight0930/.nvm/versions/node/v8.16.2/lib/node_modules/composer-rest-server/node_modules/loopback-datasource-juggler/lib/hooks.js:93:12)
    at Board.<anonymous> (/home/knight0930/.nvm/versions/node/v8.16.2/lib/node_modules/composer-rest-server/node_modules/loopback-datasource-juggler/lib/validations.js:575:23)
    at Board.trigger (/home/knight0930/.nvm/versions/node/v8.16.2/lib/node_modules/composer-rest-server/node_modules/loopback-datasource-juggler/lib/hooks.js:83:12)
    at Board.Validatable.isValid (/home/knight0930/.nvm/versions/node/v8.16.2/lib/node_modules/composer-rest-server/node_modules/loopback-datasource-juggler/lib/validations.js:541:8)
    at /home/knight0930/.nvm/versions/node/v8.16.2/lib/node_modules/composer-rest-server/node_modules/loopback-datasource-juggler/lib/dao.js:396:9
    at doNotify (/home/knight0930/.nvm/versions/node/v8.16.2/lib/node_modules/composer-rest-server/node_modules/loopback-datasource-juggler/lib/observer.js:155:49)
    at doNotify (/home/knight0930/.nvm/versions/node/v8.16.2/lib/node_modules/composer-rest-server/node_modules/loopback-datasource-juggler/lib/observer.js:155:49)
    at doNotify (/home/knight0930/.nvm/versions/node/v8.16.2/lib/node_modules/composer-rest-server/node_modules/loopback-datasource-juggler/lib/observer.js:155:49)
    at doNotify (/home/knight0930/.nvm/versions/node/v8.16.2/lib/node_modules/composer-rest-server/node_modules/loopback-datasource-juggler/lib/observer.js:155:49)
    at Function.ObserverMixin._notifyBaseObservers (/home/knight0930/.nvm/versions/node/v8.16.2/lib/node_modules/composer-rest-server/node_modules/loopback-datasource-juggler/lib/observer.js:178:5)
    at Function.ObserverMixin.notifyObserversOf (/home/knight0930/.nvm/versions/node/v8.16.2/lib/node_modules/composer-rest-server/node_modules/loopback-datasource-juggler/lib/observer.js:153:8)
    at Function.ObserverMixin._notifyBaseObservers (/home/knight0930/.nvm/versions/node/v8.16.2/lib/node_modules/composer-rest-server/node_modules/loopback-datasource-juggler/lib/observer.js:176:15)
    at Function.ObserverMixin.notifyObserversOf (/home/knight0930/.nvm/versions/node/v8.16.2/lib/node_modules/composer-rest-server/node_modules/loopback-datasource-juggler/lib/observer.js:153:8)
    at Function.ObserverMixin._notifyBaseObservers (/home/knight0930/.nvm/versions/node/v8.16.2/lib/node_modules/composer-rest-server/node_modules/loopback-datasource-juggler/lib/observer.js:176:15)
